<testsuite failures="0" name="src/test/java/FeatureFiles/karatefeature12.feature" skipped="0" tests="1" time="0.022115">
  <testcase classname="src.test.java.FeatureFiles.karatefeature12" name="Non-Static variable test case2" time="0.022115">
    <system-out>* def env1 = .............................................................. passed
* def qaURL = call env1 ................................................... passed
* print qaURL ............................................................. passed
* print env1() ............................................................ passed</system-out>
  </testcase>
</testsuite>
