<testsuite failures="0" name="src/test/java/FeatureFiles/karateConfigExample.feature" skipped="0" tests="1" time="0.564266">
  <testcase classname="src.test.java.FeatureFiles.karateConfigExample" name="Test case config" time="0.564266">
    <system-out>Given url baseURL ......................................................... passed
And path listUsers ........................................................ passed
When method GET ........................................................... passed
Then status 200 ........................................................... passed</system-out>
  </testcase>
</testsuite>
