<testsuite failures="0" name="src/test/java/FeatureFiles/testFixtureExample.feature" skipped="0" tests="2" time="0.01092">
  <testcase classname="src.test.java.FeatureFiles.testFixtureExample" name="Test case1" time="0.008035">
    <system-out>* print "Before scenario" ................................................. passed
* configure afterScenario = ............................................... passed
* configure afterFeature = ................................................ passed
* print "From test case1" ................................................. passed</system-out>
  </testcase>
  <testcase classname="src.test.java.FeatureFiles.testFixtureExample" name="Test case2" time="0.002885">
    <system-out>* print "Before scenario" ................................................. passed
* configure afterScenario = ............................................... passed
* configure afterFeature = ................................................ passed
* print "From test case1" ................................................. passed
* print "Before scenario" ................................................. passed
* configure afterScenario = ............................................... passed
* configure afterFeature = ................................................ passed
* print "From test case2" ................................................. passed</system-out>
  </testcase>
</testsuite>
