<testsuite failures="0" name="src/test/java/FeatureFiles/karatefeature11.feature" skipped="0" tests="1" time="0.042305">
  <testcase classname="src.test.java.FeatureFiles.karatefeature11" name="JavaScript test case1" time="0.042305">
    <system-out>* def fn1 = function(){ return 123; } ..................................... passed
* def fn2 = ............................................................... passed
* print fn1() ............................................................. passed
* fn2("Sun") .............................................................. passed</system-out>
  </testcase>
</testsuite>
